\BOOKMARK [1][-]{section.2}{\376\377\000I\000n\000t\000r\000o\000d\000u\000c\000t\000i\000o\000n}{}% 1
\BOOKMARK [1][-]{section.3}{\376\377\000R\000e\000l\000a\000t\000e\000d\000\040\000W\000o\000r\000k}{}% 2
\BOOKMARK [1][-]{section.4}{\376\377\000B\000a\000c\000k\000g\000r\000o\000u\000n\000d}{}% 3
\BOOKMARK [1][-]{section.11}{\376\377\000M\000e\000t\000h\000o\000d}{}% 4
\BOOKMARK [2][-]{subsection.12}{\376\377\000S\000t\000o\000c\000h\000a\000s\000t\000i\000c\000\040\000A\000t\000t\000e\000n\000t\000i\000o\000n\000\040\000U\000p\000d\000a\000t\000e}{section.11}% 5
\BOOKMARK [2][-]{subsection.21}{\376\377\000P\000r\000o\000p\000e\000r\000t\000i\000e\000s\000\040\000a\000n\000d\000\040\000L\000i\000m\000i\000t\000i\000n\000g\000\040\000B\000e\000h\000a\000v\000i\000o\000r}{section.11}% 6
\BOOKMARK [2][-]{subsection.24}{\376\377\000P\000h\000a\000s\000e\000\040\000T\000r\000a\000n\000s\000i\000t\000i\000o\000n\000\040\000a\000n\000d\000\040\000T\000e\000m\000p\000e\000r\000a\000t\000u\000r\000e\000\040\000S\000e\000l\000e\000c\000t\000i\000o\000n}{section.11}% 7
\BOOKMARK [1][-]{section.29}{\376\377\000E\000x\000p\000e\000r\000i\000m\000e\000n\000t\000s}{}% 8
\BOOKMARK [1][-]{section.38}{\376\377\000D\000i\000s\000c\000u\000s\000s\000i\000o\000n\000\040\000a\000n\000d\000\040\000C\000o\000n\000c\000l\000u\000s\000i\000o\000n}{}% 9
\BOOKMARK [1][-]{appendix.42}{\376\377\000B\000r\000o\000a\000d\000e\000r\000\040\000I\000m\000p\000a\000c\000t\000\040\000S\000t\000a\000t\000e\000m\000e\000n\000t}{}% 10
\BOOKMARK [1][-]{appendix.43}{\376\377\000P\000r\000o\000o\000f\000\040\000o\000f\000\040\000P\000r\000o\000p\000o\000s\000i\000t\000i\000o\000n\000\040\0001}{}% 11
\BOOKMARK [1][-]{appendix.52}{\376\377\000M\000A\000L\000A\000\040\000V\000a\000r\000i\000a\000n\000t\000\040\000o\000f\000\040\000S\000t\000o\000c\000h\000a\000s\000t\000i\000c\000\040\000A\000t\000t\000e\000n\000t\000i\000o\000n}{}% 12
\BOOKMARK [1][-]{appendix.74}{\376\377\000L\000o\000a\000d\000-\000R\000a\000t\000i\000o\000\040\000P\000h\000a\000s\000e\000\040\000D\000i\000a\000g\000r\000a\000m}{}% 13
\BOOKMARK [1][-]{appendix.76}{\376\377\000M\000u\000l\000t\000i\000-\000D\000i\000g\000i\000t\000\040\000M\000N\000I\000S\000T\000\040\000G\000e\000n\000e\000r\000a\000l\000i\000z\000a\000t\000i\000o\000n}{}% 14
\BOOKMARK [1][-]{appendix.84}{\376\377\000S\000i\000n\000g\000l\000e\000-\000C\000h\000a\000i\000n\000\040\000D\000i\000v\000e\000r\000s\000i\000t\000y\000\040\000A\000n\000a\000l\000y\000s\000i\000s}{}% 15
\BOOKMARK [1][-]{appendix.88}{\376\377\000P\000r\000o\000t\000e\000i\000n\000\040\000S\000e\000q\000u\000e\000n\000c\000e\000\040\000G\000e\000n\000e\000r\000a\000t\000i\000o\000n}{}% 16
\BOOKMARK [1][-]{appendix.100}{\376\377\000F\000i\000n\000a\000n\000c\000i\000a\000l\000\040\000L\000o\000g\000-\000R\000e\000t\000u\000r\000n\000\040\000G\000e\000n\000e\000r\000a\000t\000i\000o\000n}{}% 17
\BOOKMARK [2][-]{subsection.101}{\376\377\000D\000a\000t\000a\000\040\000a\000n\000d\000\040\000M\000e\000m\000o\000r\000y\000\040\000C\000o\000n\000s\000t\000r\000u\000c\000t\000i\000o\000n}{appendix.100}% 18
\BOOKMARK [2][-]{subsection.102}{\376\377\000I\000.\000I\000.\000D\000.\000\040\000P\000o\000o\000l\000:\000\040\000M\000a\000r\000g\000i\000n\000a\000l\000\040\000a\000n\000d\000\040\000C\000r\000o\000s\000s\000-\000S\000e\000c\000t\000i\000o\000n\000a\000l\000\040\000F\000i\000d\000e\000l\000i\000t\000y}{appendix.100}% 19
\BOOKMARK [2][-]{subsection.109}{\376\377\000S\000e\000q\000u\000e\000n\000t\000i\000a\000l\000\040\000G\000e\000n\000e\000r\000a\000t\000i\000o\000n\000\040\000a\000n\000d\000\040\000T\000e\000m\000p\000o\000r\000a\000l\000\040\000P\000r\000o\000p\000e\000r\000t\000i\000e\000s}{appendix.100}% 20
\BOOKMARK [1][-]{appendix.123}{\376\377\000S\000i\000m\000p\000s\000o\000n\000s\000\040\000C\000h\000a\000r\000a\000c\000t\000e\000r\000\040\000F\000a\000c\000e\000\040\000G\000e\000n\000e\000r\000a\000t\000i\000o\000n}{}% 21
\BOOKMARK [1][-]{appendix.131}{\376\377\000B\000a\000s\000e\000l\000i\000n\000e\000\040\000M\000e\000t\000h\000o\000d\000\040\000S\000p\000e\000c\000i\000f\000i\000c\000a\000t\000i\000o\000n\000s}{}% 22
\BOOKMARK [2][-]{subsection.132}{\376\377\000G\000M\000M\000-\000P\000C\000A}{appendix.131}% 23
\BOOKMARK [2][-]{subsection.138}{\376\377\000V\000a\000r\000i\000a\000t\000i\000o\000n\000a\000l\000\040\000A\000u\000t\000o\000e\000n\000c\000o\000d\000e\000r}{appendix.131}% 24
\BOOKMARK [2][-]{subsection.152}{\376\377\000D\000e\000n\000o\000i\000s\000i\000n\000g\000\040\000D\000i\000f\000f\000u\000s\000i\000o\000n\000\040\000P\000r\000o\000b\000a\000b\000i\000l\000i\000s\000t\000i\000c\000\040\000M\000o\000d\000e\000l\000\040\000\050\000D\000D\000P\000M\000\051}{appendix.131}% 25
\BOOKMARK [1][-]{appendix.158}{\376\377\000S\000t\000e\000p\000-\000S\000i\000z\000e\000\040\000S\000w\000e\000e\000p\000:\000\040\000U\000L\000A\000\040\000v\000s\000.\000\040\000M\000A\000L\000A}{}% 26
\BOOKMARK [1][-]{appendix.164}{\376\377\000G\000a\000u\000s\000s\000i\000a\000n\000\040\000N\000o\000i\000s\000e\000\040\000C\000o\000n\000t\000r\000o\000l\000\040\000a\000t\000\040\000=\0002\0000\0000}{}% 27
\BOOKMARK [1][-]{appendix.169}{\376\377\000S\000c\000a\000l\000i\000n\000g\000\040\000E\000x\000p\000e\000r\000i\000m\000e\000n\000t\000:\000\040\000S\000A\000\040\000v\000s\000.\000\040\000D\000D\000P\000M}{}% 28
\BOOKMARK [1][-]{appendix.175}{\376\377\000M\000A\000L\000A\000\040\000a\000t\000\040\000G\000e\000n\000e\000r\000a\000t\000i\000o\000n\000\040\000T\000e\000m\000p\000e\000r\000a\000t\000u\000r\000e}{}% 29
\BOOKMARK [1][-]{appendix.177}{\376\377\000F\000u\000l\000l\000-\000D\000a\000t\000a\000\040\000V\000A\000E\000\040\000C\000o\000m\000p\000a\000r\000i\000s\000o\000n}{}% 30
\BOOKMARK [1][-]{appendix.180}{\376\377\000P\000r\000i\000n\000c\000i\000p\000a\000l\000\040\000C\000o\000m\000p\000o\000n\000e\000n\000t\000\040\000A\000n\000a\000l\000y\000s\000i\000s}{}% 31
\BOOKMARK [1][-]{appendix.188}{\376\377\000M\000u\000l\000t\000i\000-\000H\000e\000a\000d\000\040\000S\000t\000o\000c\000h\000a\000s\000t\000i\000c\000\040\000A\000t\000t\000e\000n\000t\000i\000o\000n}{}% 32
