\BOOKMARK [1][-]{section.2}{\376\377\000I\000n\000t\000r\000o\000d\000u\000c\000t\000i\000o\000n}{}% 1
\BOOKMARK [1][-]{section.3}{\376\377\000R\000e\000l\000a\000t\000e\000d\000\040\000W\000o\000r\000k}{}% 2
\BOOKMARK [1][-]{section.6}{\376\377\000B\000a\000c\000k\000g\000r\000o\000u\000n\000d}{}% 3
\BOOKMARK [1][-]{section.18}{\376\377\000M\000e\000t\000h\000o\000d}{}% 4
\BOOKMARK [2][-]{subsection.19}{\376\377\000S\000t\000o\000c\000h\000a\000s\000t\000i\000c\000\040\000A\000t\000t\000e\000n\000t\000i\000o\000n\000\040\000U\000p\000d\000a\000t\000e}{section.18}% 5
\BOOKMARK [2][-]{subsection.29}{\376\377\000P\000r\000o\000p\000e\000r\000t\000i\000e\000s\000\040\000a\000n\000d\000\040\000L\000i\000m\000i\000t\000i\000n\000g\000\040\000B\000e\000h\000a\000v\000i\000o\000r}{section.18}% 6
\BOOKMARK [1][-]{section.33}{\376\377\000E\000x\000p\000e\000r\000i\000m\000e\000n\000t\000s}{}% 7
\BOOKMARK [1][-]{section.40}{\376\377\000D\000i\000s\000c\000u\000s\000s\000i\000o\000n\000\040\000a\000n\000d\000\040\000C\000o\000n\000c\000l\000u\000s\000i\000o\000n}{}% 8
\BOOKMARK [1][-]{appendix.44}{\376\377\000B\000r\000o\000a\000d\000e\000r\000\040\000I\000m\000p\000a\000c\000t\000\040\000S\000t\000a\000t\000e\000m\000e\000n\000t}{}% 9
\BOOKMARK [1][-]{appendix.45}{\376\377\000P\000r\000o\000o\000f\000\040\000o\000f\000\040\000P\000r\000o\000p\000o\000s\000i\000t\000i\000o\000n\000\040\0001}{}% 10
\BOOKMARK [1][-]{appendix.54}{\376\377\000M\000A\000L\000A\000\040\000V\000a\000r\000i\000a\000n\000t\000\040\000o\000f\000\040\000S\000t\000o\000c\000h\000a\000s\000t\000i\000c\000\040\000A\000t\000t\000e\000n\000t\000i\000o\000n}{}% 11
\BOOKMARK [1][-]{appendix.76}{\376\377\000L\000o\000a\000d\000-\000R\000a\000t\000i\000o\000\040\000P\000h\000a\000s\000e\000\040\000D\000i\000a\000g\000r\000a\000m}{}% 12
\BOOKMARK [1][-]{appendix.78}{\376\377\000M\000u\000l\000t\000i\000-\000D\000i\000g\000i\000t\000\040\000M\000N\000I\000S\000T\000\040\000G\000e\000n\000e\000r\000a\000l\000i\000z\000a\000t\000i\000o\000n}{}% 13
\BOOKMARK [1][-]{appendix.86}{\376\377\000S\000i\000n\000g\000l\000e\000-\000C\000h\000a\000i\000n\000\040\000D\000i\000v\000e\000r\000s\000i\000t\000y\000\040\000A\000n\000a\000l\000y\000s\000i\000s}{}% 14
\BOOKMARK [1][-]{appendix.89}{\376\377\000F\000i\000n\000a\000n\000c\000i\000a\000l\000\040\000L\000o\000g\000-\000R\000e\000t\000u\000r\000n\000\040\000G\000e\000n\000e\000r\000a\000t\000i\000o\000n}{}% 15
\BOOKMARK [2][-]{subsection.90}{\376\377\000D\000a\000t\000a\000\040\000a\000n\000d\000\040\000M\000e\000m\000o\000r\000y\000\040\000C\000o\000n\000s\000t\000r\000u\000c\000t\000i\000o\000n}{appendix.89}% 16
\BOOKMARK [2][-]{subsection.91}{\376\377\000I\000.\000I\000.\000D\000.\000\040\000P\000o\000o\000l\000:\000\040\000M\000a\000r\000g\000i\000n\000a\000l\000\040\000a\000n\000d\000\040\000C\000r\000o\000s\000s\000-\000S\000e\000c\000t\000i\000o\000n\000a\000l\000\040\000F\000i\000d\000e\000l\000i\000t\000y}{appendix.89}% 17
\BOOKMARK [2][-]{subsection.98}{\376\377\000S\000e\000q\000u\000e\000n\000t\000i\000a\000l\000\040\000G\000e\000n\000e\000r\000a\000t\000i\000o\000n\000\040\000a\000n\000d\000\040\000T\000e\000m\000p\000o\000r\000a\000l\000\040\000P\000r\000o\000p\000e\000r\000t\000i\000e\000s}{appendix.89}% 18
\BOOKMARK [1][-]{appendix.112}{\376\377\000S\000i\000m\000p\000s\000o\000n\000s\000\040\000C\000h\000a\000r\000a\000c\000t\000e\000r\000\040\000F\000a\000c\000e\000\040\000G\000e\000n\000e\000r\000a\000t\000i\000o\000n}{}% 19
\BOOKMARK [1][-]{appendix.120}{\376\377\000B\000a\000s\000e\000l\000i\000n\000e\000\040\000M\000e\000t\000h\000o\000d\000\040\000S\000p\000e\000c\000i\000f\000i\000c\000a\000t\000i\000o\000n\000s}{}% 20
\BOOKMARK [2][-]{subsection.121}{\376\377\000G\000M\000M\000-\000P\000C\000A}{appendix.120}% 21
\BOOKMARK [2][-]{subsection.127}{\376\377\000V\000a\000r\000i\000a\000t\000i\000o\000n\000a\000l\000\040\000A\000u\000t\000o\000e\000n\000c\000o\000d\000e\000r}{appendix.120}% 22
